<?xml version="1.0" encoding="UTF-8"?>
<!-- Generated by org.testng.reporters.JUnitReportReporter -->
<testsuite hostname="CDG-W7-DEV-069" failures="0" tests="1" name="TestCases.invokingBrowserTest" time="2.625" errors="0" timestamp="2021-04-14T12:01:16 EDT" skipped="0">
  <testcase classname="TestCases.invokingBrowserTest" name="IeTest" time="2.625"/>
  <system-out/>
</testsuite> <!-- TestCases.invokingBrowserTest -->
