<?xml version="1.0" encoding="UTF-8"?>
<!-- Generated by org.testng.reporters.JUnitReportReporter -->
<testsuite hostname="CDG-W7-DEV-069" failures="0" tests="1" name="PDP_TestCases_Edge.personalActiveListTest" time="22.533" errors="0" timestamp="2021-04-16T16:46:03 EDT" skipped="0">
  <testcase classname="PDP_TestCases_Edge.personalActiveListTest" name="launchPLD" time="22.533"/>
  <system-out/>
</testsuite> <!-- PDP_TestCases_Edge.personalActiveListTest -->
