<?xml version="1.0" encoding="UTF-8"?>
<!-- Generated by org.testng.reporters.JUnitReportReporter -->
<testsuite hostname="CDG-W7-DEV-069" failures="0" tests="1" name="PDP_TestCases_Edge.createPLDTest" time="72.873" errors="0" timestamp="2021-04-17T20:56:52 EDT" skipped="0">
  <testcase classname="PDP_TestCases_Edge.createPLDTest" name="launchPLD" time="72.873"/>
  <system-out/>
</testsuite> <!-- PDP_TestCases_Edge.createPLDTest -->
