<?xml version="1.0" encoding="UTF-8"?>
<!-- Generated by org.testng.reporters.JUnitReportReporter -->
<testsuite hostname="CDG-W7-DEV-069" failures="0" tests="1" name="PDP_TestCases_Chrome.navigationTest" time="28.692" errors="0" timestamp="2021-04-15T15:16:22 EDT" skipped="0">
  <testcase classname="PDP_TestCases_Chrome.navigationTest" name="navigationPan" time="28.692"/>
  <system-out/>
</testsuite> <!-- PDP_TestCases_Chrome.navigationTest -->
