<?xml version="1.0" encoding="UTF-8"?>
<!-- Generated by org.testng.reporters.JUnitReportReporter -->
<testsuite hostname="CDG-W7-DEV-069" failures="0" tests="1" name="PDP_TestCases_Edge.launchPldTest" time="21.235" errors="0" timestamp="2021-04-16T17:27:25 EDT" skipped="0">
  <testcase classname="PDP_TestCases_Edge.launchPldTest" name="launchPLD" time="21.235"/>
  <system-out/>
</testsuite> <!-- PDP_TestCases_Edge.launchPldTest -->
