<?xml version="1.0" encoding="UTF-8"?>
<!-- Generated by org.testng.reporters.JUnitReportReporter -->
<testsuite hostname="CDG-W7-DEV-069" failures="0" tests="1" name="TestCases.invokingEdge_BrowserTest3" time="7.713" errors="0" timestamp="2021-04-14T14:03:39 EDT" skipped="0">
  <testcase classname="TestCases.invokingEdge_BrowserTest3" name="IeTest" time="7.713"/>
  <system-out/>
</testsuite> <!-- TestCases.invokingEdge_BrowserTest3 -->
