<?xml version="1.0" encoding="UTF-8"?>
<!-- Generated by org.testng.reporters.JUnitReportReporter -->
<testsuite hostname="CDG-W7-DEV-069" failures="0" tests="1" name="TestCases.invokingEdge_BrowserTest" time="12.820" errors="0" timestamp="2021-04-15T12:22:07 EDT" skipped="0">
  <testcase classname="TestCases.invokingEdge_BrowserTest" name="IeTest" time="12.820"/>
  <system-out/>
</testsuite> <!-- TestCases.invokingEdge_BrowserTest -->
